07/15/2024 03:18:22 PM: INFO: test_001_AccountRegistartion started
07/15/2024 03:18:23 PM: INFO: Launching Application
07/15/2024 03:18:24 PM: INFO: Clicking on My Account
07/15/2024 03:18:25 PM: INFO: Providing customer details for registartion
07/15/2024 03:19:59 PM: INFO: test_001_AccountRegistartion started
07/15/2024 03:19:59 PM: INFO: Launching Application
07/15/2024 03:20:00 PM: INFO: Clicking on My Account
07/15/2024 03:20:00 PM: INFO: Providing customer details for registartion
07/15/2024 03:20:12 PM: INFO: Account Registration failed
07/15/2024 04:58:19 PM: INFO: test_001_AccountRegistartion started
07/15/2024 04:58:20 PM: INFO: Launching Application
07/15/2024 04:58:20 PM: INFO: Clicking on My Account
07/15/2024 04:58:21 PM: INFO: Providing customer details for registartion
07/15/2024 04:58:32 PM: INFO: Account Registration failed
07/15/2024 05:14:01 PM: INFO: ******* Starting test_002_login **********
07/15/2024 05:14:33 PM: INFO: ******* Starting test_002_login **********
07/15/2024 05:14:35 PM: INFO: ******* End of test_002_login **********
07/15/2024 05:43:41 PM: INFO: ******* Starting test_002_login **********
07/15/2024 05:45:28 PM: INFO: **** Starting test_003_login_Datadriven *******
07/15/2024 05:46:16 PM: INFO: ******* End of test_003_login_Datadriven **********
07/15/2024 05:50:43 PM: INFO: **** Starting test_003_login_Datadriven *******
07/15/2024 05:51:32 PM: INFO: ******* End of test_003_login_Datadriven **********
07/15/2024 05:57:54 PM: INFO: test_001_AccountRegistartion started
07/15/2024 05:57:54 PM: INFO: test_001_AccountRegistartion started
07/15/2024 05:57:54 PM: INFO: test_001_AccountRegistartion started
07/15/2024 05:57:56 PM: INFO: Launching Application
07/15/2024 05:57:56 PM: INFO: Launching Application
07/15/2024 05:57:56 PM: INFO: Launching Application
07/15/2024 05:57:56 PM: INFO: Clicking on My Account
07/15/2024 05:57:56 PM: INFO: Clicking on My Account
07/15/2024 05:57:56 PM: INFO: Clicking on My Account
07/15/2024 05:57:56 PM: INFO: Providing customer details for registartion
07/15/2024 05:57:56 PM: INFO: Providing customer details for registartion
07/15/2024 05:57:56 PM: INFO: Providing customer details for registartion
07/15/2024 05:58:08 PM: INFO: Account Registration failed
07/15/2024 05:58:08 PM: INFO: Account Registration failed
07/15/2024 05:58:08 PM: INFO: Account Registration failed
07/15/2024 05:58:09 PM: INFO: ******* Starting test_002_login **********
07/15/2024 05:58:09 PM: INFO: ******* Starting test_002_login **********
07/15/2024 05:58:09 PM: INFO: ******* Starting test_002_login **********
07/15/2024 05:58:12 PM: INFO: ******* End of test_002_login **********
07/15/2024 05:58:12 PM: INFO: ******* End of test_002_login **********
07/15/2024 05:58:12 PM: INFO: ******* End of test_002_login **********
07/20/2024 06:23:26 PM: INFO: test_001_AccountRegistartion started
07/20/2024 06:23:26 PM: INFO: test_001_AccountRegistartion started
07/20/2024 06:23:26 PM: INFO: test_001_AccountRegistartion started
07/20/2024 06:23:27 PM: INFO: Launching Application
07/20/2024 06:23:27 PM: INFO: Launching Application
07/20/2024 06:23:27 PM: INFO: Launching Application
07/20/2024 06:23:27 PM: INFO: Clicking on My Account
07/20/2024 06:23:27 PM: INFO: Clicking on My Account
07/20/2024 06:23:27 PM: INFO: Clicking on My Account
07/20/2024 06:23:28 PM: INFO: Providing customer details for registartion
07/20/2024 06:23:28 PM: INFO: Providing customer details for registartion
07/20/2024 06:23:28 PM: INFO: Providing customer details for registartion
07/20/2024 06:23:39 PM: INFO: Account Registration failed
07/20/2024 06:23:39 PM: INFO: Account Registration failed
07/20/2024 06:23:39 PM: INFO: Account Registration failed
07/20/2024 06:23:41 PM: INFO: ******* Starting test_002_login **********
07/20/2024 06:23:41 PM: INFO: ******* Starting test_002_login **********
07/20/2024 06:23:41 PM: INFO: ******* Starting test_002_login **********
07/20/2024 06:23:44 PM: INFO: ******* End of test_002_login **********
07/20/2024 06:23:44 PM: INFO: ******* End of test_002_login **********
07/20/2024 06:23:44 PM: INFO: ******* End of test_002_login **********
07/20/2024 06:26:23 PM: INFO: test_001_AccountRegistartion started
07/20/2024 06:26:23 PM: INFO: test_001_AccountRegistartion started
07/20/2024 06:26:23 PM: INFO: test_001_AccountRegistartion started
07/20/2024 06:26:25 PM: INFO: Launching Application
07/20/2024 06:26:25 PM: INFO: Launching Application
07/20/2024 06:26:25 PM: INFO: Launching Application
07/20/2024 06:26:25 PM: INFO: Clicking on My Account
07/20/2024 06:26:25 PM: INFO: Clicking on My Account
07/20/2024 06:26:25 PM: INFO: Clicking on My Account
07/20/2024 06:26:26 PM: INFO: Providing customer details for registartion
07/20/2024 06:26:26 PM: INFO: Providing customer details for registartion
07/20/2024 06:26:26 PM: INFO: Providing customer details for registartion
07/20/2024 06:26:37 PM: INFO: Account Registration failed
07/20/2024 06:26:37 PM: INFO: Account Registration failed
07/20/2024 06:26:37 PM: INFO: Account Registration failed
07/20/2024 06:26:39 PM: INFO: ******* Starting test_002_login **********
07/20/2024 06:26:39 PM: INFO: ******* Starting test_002_login **********
07/20/2024 06:26:39 PM: INFO: ******* Starting test_002_login **********
07/20/2024 06:26:42 PM: INFO: ******* End of test_002_login **********
07/20/2024 06:26:42 PM: INFO: ******* End of test_002_login **********
07/20/2024 06:26:42 PM: INFO: ******* End of test_002_login **********
07/20/2024 06:26:44 PM: INFO: **** Starting test_003_login_Datadriven *******
07/20/2024 06:26:44 PM: INFO: **** Starting test_003_login_Datadriven *******
07/20/2024 06:26:44 PM: INFO: **** Starting test_003_login_Datadriven *******
07/20/2024 06:27:33 PM: INFO: ******* End of test_003_login_Datadriven **********
07/20/2024 06:27:33 PM: INFO: ******* End of test_003_login_Datadriven **********
07/20/2024 06:27:33 PM: INFO: ******* End of test_003_login_Datadriven **********
07/21/2024 06:45:53 PM: INFO: test_001_AccountRegistartion started
07/21/2024 06:45:53 PM: INFO: test_001_AccountRegistartion started
07/21/2024 06:45:53 PM: INFO: test_001_AccountRegistartion started
07/21/2024 06:45:56 PM: INFO: ******* Starting test_002_login **********
07/21/2024 06:45:56 PM: INFO: ******* Starting test_002_login **********
07/21/2024 06:45:56 PM: INFO: ******* Starting test_002_login **********
07/21/2024 06:45:59 PM: INFO: **** Starting test_003_login_Datadriven *******
07/21/2024 06:45:59 PM: INFO: **** Starting test_003_login_Datadriven *******
07/21/2024 06:45:59 PM: INFO: **** Starting test_003_login_Datadriven *******
